<?xml version="1.0" encoding="UTF-8"?>
<!-- Generated by org.testng.reporters.JUnitReportReporter -->
<testsuite hostname="DESKTOP-ON7TK24" failures="0" tests="1" name="ValidatePDFFile" time="0.354" errors="0" timestamp="2024-04-07T21:50:17 IST" skipped="0">
  <testcase classname="ValidatePDFFile" name="pdfReaderTest" time="0.354"/>
  <system-out/>
</testsuite> <!-- ValidatePDFFile -->
