<?xml version="1.0" encoding="UTF-8"?>
<!-- Generated by org.testng.reporters.JUnitReportReporter -->
<testsuite hostname="DESKTOP-ON7TK24" failures="0" tests="1" name="FileDownload" time="8.334" errors="0" timestamp="2024-04-07T22:37:44 IST" skipped="0">
  <testcase classname="FileDownload" name="downloadSeleniumJars" time="8.334"/>
  <system-out/>
</testsuite> <!-- FileDownload -->
