<?xml version="1.0" encoding="UTF-8"?>
<!-- Generated by org.testng.reporters.JUnitReportReporter -->
<testsuite hostname="DESKTOP-ON7TK24" failures="0" tests="1" name="CompareScreenshot" time="0.350" errors="0" timestamp="2024-04-12T11:03:29 IST" skipped="0">
  <testcase classname="CompareScreenshot" name="partialScreenshot" time="0.350"/>
  <system-out/>
</testsuite> <!-- CompareScreenshot -->
